<?xml version="1.0" encoding="UTF-8"?>
<!-- Generated by org.testng.reporters.JUnitXMLReporter -->
<testsuite ignored="0" hostname="DESKTOP-I8PT0F4" failures="0" tests="4" name="Test" time="0.439" errors="0" timestamp="2023-06-28T15:48:32 IST">
  <testcase classname="com.qa.tests.LoginPageTest" name="validateTitle" time="0.018"/>
  <testcase classname="com.qa.tests.LoginPageTest" name="validateUsername" time="0.131"/>
  <testcase classname="com.qa.tests.LoginPageTest" name="validatePassword" time="0.082"/>
  <testcase classname="com.qa.tests.LoginPageTest" name="validateLoginButton" time="0.088"/>
</testsuite> <!-- Test -->
