<?xml version="1.0" encoding="UTF-8"?>
<!-- Generated by org.testng.reporters.JUnitXMLReporter -->
<testsuite ignored="8" hostname="DESKTOP-I8PT0F4" failures="0" tests="17" name="Test" time="3.731" errors="0" timestamp="2023-06-28T19:43:56 IST">
  <testcase classname="com.qa.tests.LoginPageTest" name="validateTitle" time="0.027"/>
  <testcase classname="com.qa.tests.LoginPageTest" name="validateUsername" time="0.166"/>
  <testcase classname="com.qa.tests.LoginPageTest" name="validatePassword" time="0.127"/>
  <testcase classname="com.qa.tests.LoginPageTest" name="validateLoginButton" time="0.137"/>
  <testcase classname="com.qa.tests.ProductPageTest" name="validateTshirt" time="0.043"/>
  <testcase classname="com.qa.tests.ProductPageTest" name="validateAddToCartTShirt" time="0.07"/>
  <testcase classname="com.qa.tests.ProductPageTest" name="validatefleeceJacket" time="0.039"/>
  <testcase classname="com.qa.tests.ProductPageTest" name="validateAddToCartfleeceJacket" time="0.065"/>
  <testcase classname="com.qa.tests.ProductPageTest" name="validatShoppingCartFunctionality" time="0.065"/>
  <testcase classname="com.qa.tests.YourCartPageTest" name="validateTitle" time="0.013"/>
  <testcase classname="com.qa.tests.YourCartPageTest" name="validateYourCartPage" time="0.097"/>
  <testcase classname="com.qa.tests.YourInformationPagetest" name="validateFirstname" time="0.127"/>
  <testcase classname="com.qa.tests.YourInformationPagetest" name="validateLastName" time="0.131"/>
  <testcase classname="com.qa.tests.YourInformationPagetest" name="validatePostalCode" time="0.117"/>
  <testcase classname="com.qa.tests.YourInformationPagetest" name="validateContinueButton" time="2.114"/>
  <testcase classname="com.qa.tests.OverViewPageText" name="validateTotalPrice" time="0.141"/>
  <testcase classname="com.qa.tests.OverViewPageText" name="validateFinishButton" time="0.104"/>
  <testcase classname="com.qa.tests.TestBase" name="@BeforeSuite initbrowser" time="0.0">
    <ignored/>
  </testcase> <!-- @BeforeSuite initbrowser -->
  <testcase classname="com.qa.tests.TestBase" name="@BeforeSuite initbrowser" time="0.0">
    <ignored/>
  </testcase> <!-- @BeforeSuite initbrowser -->
  <testcase classname="com.qa.tests.TestBase" name="@AfterSuite teardown" time="0.0">
    <ignored/>
  </testcase> <!-- @AfterSuite teardown -->
  <testcase classname="com.qa.tests.TestBase" name="@BeforeSuite initbrowser" time="0.0">
    <ignored/>
  </testcase> <!-- @BeforeSuite initbrowser -->
  <testcase classname="com.qa.tests.TestBase" name="@BeforeSuite initbrowser" time="0.0">
    <ignored/>
  </testcase> <!-- @BeforeSuite initbrowser -->
  <testcase classname="com.qa.tests.TestBase" name="@AfterSuite teardown" time="0.0">
    <ignored/>
  </testcase> <!-- @AfterSuite teardown -->
  <testcase classname="com.qa.tests.TestBase" name="@AfterSuite teardown" time="0.0">
    <ignored/>
  </testcase> <!-- @AfterSuite teardown -->
  <testcase classname="com.qa.tests.TestBase" name="@AfterSuite teardown" time="0.0">
    <ignored/>
  </testcase> <!-- @AfterSuite teardown -->
</testsuite> <!-- Test -->
