<?xml version="1.0" encoding="UTF-8"?>
<testsuite xmlns:xsi="http://www.w3.org/2001/XMLSchema-instance" xsi:noNamespaceSchemaLocation="https://maven.apache.org/surefire/maven-surefire-plugin/xsd/surefire-test-report-3.0.xsd" version="3.0" name="TestSuite" time="7.986" tests="17" errors="0" skipped="0" failures="0">
  <properties>
[...]
</properties>
  <testcase name="validateTitle" classname="com.qa.tests.LoginPageTest" time="0.033">
    <system-out><![CDATA[D:\advancedWorkspace\SwagLab\src\test\resources\config.properties
chrome
please enter the correct browser name
D:\advancedWorkspace\SwagLab\src\test\resources\config.properties
https://www.saucedemo.com/
test tag started1687961632026 Test
test execution started1687961632123 validateTitle
test execution complited1687961632148 validateTitle
]]></system-out>
    <system-err><![CDATA[SLF4J: Failed to load class "org.slf4j.impl.StaticLoggerBinder".
SLF4J: Defaulting to no-operation (NOP) logger implementation
SLF4J: See http://www.slf4j.org/codes.html#StaticLoggerBinder for further details.
Jun 28, 2023 7:43:48 PM org.openqa.selenium.manager.SeleniumManager getDriverPath
INFO: Applicable driver not found; attempting to install with Selenium Manager (Beta)
Starting ChromeDriver 114.0.5735.90 (386bc09e8f4f2e025eddae123f36f6263096ae49-refs/branch-heads/5735@{#1052}) on port 31752
Only local connections are allowed.
Please see https://chromedriver.chromium.org/security-considerations for suggestions on keeping ChromeDriver safe.
ChromeDriver was started successfully.
Jun 28, 2023 7:43:50 PM org.openqa.selenium.devtools.CdpVersionFinder findNearestMatch
WARNING: Unable to find an exact match for CDP version 114, so returning the closest version found: 113
]]></system-err>
  </testcase>
  <testcase name="validateUsername" classname="com.qa.tests.LoginPageTest" time="0.165">
    <system-out><![CDATA[test execution started1687961632157 validateUsername
standard_user
test execution complited1687961632324 validateUsername
]]></system-out>
  </testcase>
  <testcase name="validatePassword" classname="com.qa.tests.LoginPageTest" time="0.127">
    <system-out><![CDATA[test execution started1687961632326 validatePassword
test execution complited1687961632452 validatePassword
]]></system-out>
  </testcase>
  <testcase name="validateLoginButton" classname="com.qa.tests.LoginPageTest" time="0.141">
    <system-out><![CDATA[test execution started1687961632453 validateLoginButton
test execution complited1687961632590 validateLoginButton
]]></system-out>
  </testcase>
  <testcase name="validateTshirt" classname="com.qa.tests.ProductPageTest" time="0.042">
    <system-out><![CDATA[test execution started1687961632595 validateTshirt
test execution complited1687961632636 validateTshirt
]]></system-out>
  </testcase>
  <testcase name="validateAddToCartTShirt" classname="com.qa.tests.ProductPageTest" time="0.073">
    <system-out><![CDATA[test execution started1687961632638 validateAddToCartTShirt
test execution complited1687961632708 validateAddToCartTShirt
]]></system-out>
  </testcase>
  <testcase name="validatefleeceJacket" classname="com.qa.tests.ProductPageTest" time="0.039">
    <system-out><![CDATA[test execution started1687961632710 validatefleeceJacket
test execution complited1687961632749 validatefleeceJacket
]]></system-out>
  </testcase>
  <testcase name="validateAddToCartfleeceJacket" classname="com.qa.tests.ProductPageTest" time="0.067">
    <system-out><![CDATA[test execution started1687961632751 validateAddToCartfleeceJacket
test execution complited1687961632816 validateAddToCartfleeceJacket
]]></system-out>
  </testcase>
  <testcase name="validatShoppingCartFunctionality" classname="com.qa.tests.ProductPageTest" time="0.064">
    <system-out><![CDATA[test execution started1687961632818 validatShoppingCartFunctionality
test execution complited1687961632882 validatShoppingCartFunctionality
]]></system-out>
  </testcase>
  <testcase name="validateTitle" classname="com.qa.tests.YourCartPageTest" time="0.016">
    <system-out><![CDATA[test execution started1687961632886 validateTitle
test execution complited1687961632899 validateTitle
]]></system-out>
  </testcase>
  <testcase name="validateYourCartPage" classname="com.qa.tests.YourCartPageTest" time="0.097">
    <system-out><![CDATA[test execution started1687961632901 validateYourCartPage
test execution complited1687961632997 validateYourCartPage
]]></system-out>
  </testcase>
  <testcase name="validateFirstname" classname="com.qa.tests.YourInformationPagetest" time="0.128">
    <system-out><![CDATA[test execution started1687961633002 validateFirstname
test execution complited1687961633129 validateFirstname
]]></system-out>
  </testcase>
  <testcase name="validateLastName" classname="com.qa.tests.YourInformationPagetest" time="0.132">
    <system-out><![CDATA[test execution started1687961633131 validateLastName
test execution complited1687961633262 validateLastName
]]></system-out>
  </testcase>
  <testcase name="validatePostalCode" classname="com.qa.tests.YourInformationPagetest" time="0.118">
    <system-out><![CDATA[test execution started1687961633264 validatePostalCode
test execution complited1687961633381 validatePostalCode
]]></system-out>
  </testcase>
  <testcase name="validateContinueButton" classname="com.qa.tests.YourInformationPagetest" time="2.115">
    <system-out><![CDATA[test execution started1687961633383 validateContinueButton
test execution complited1687961635497 validateContinueButton
]]></system-out>
  </testcase>
  <testcase name="validateTotalPrice" classname="com.qa.tests.OverViewPageText" time="0.141">
    <system-out><![CDATA[test execution started1687961635501 validateTotalPrice
15.99
49.99
5.28
71.26
71.26
test execution complited1687961635641 validateTotalPrice
]]></system-out>
  </testcase>
  <testcase name="validateFinishButton" classname="com.qa.tests.OverViewPageText" time="0.106">
    <system-out><![CDATA[test execution started1687961635642 validateFinishButton
test execution complited1687961635747 validateFinishButton
]]></system-out>
  </testcase>
</testsuite>