<?xml version="1.0" encoding="UTF-8"?>
<testng-results ignored="0" total="4" passed="4" failed="0" skipped="0">
  <reporter-output>
  </reporter-output>
  <suite started-at="2023-06-28T15:48:31 IST" name="Suite" finished-at="2023-06-28T15:48:32 IST" duration-ms="439">
    <groups>
    </groups>
    <test started-at="2023-06-28T15:48:31 IST" name="Test" finished-at="2023-06-28T15:48:32 IST" duration-ms="439">
      <class name="com.qa.tests.LoginPageTest">
        <test-method is-config="true" signature="initbrowser()[pri:0, instance:com.qa.tests.LoginPageTest@36d585c]" started-at="2023-06-28T15:48:28 IST" name="initbrowser" finished-at="2023-06-28T15:48:31 IST" duration-ms="2762" status="PASS">
          <reporter-output>
          </reporter-output>
        </test-method> <!-- initbrowser -->
        <test-method is-config="true" signature="objectCretion()[pri:0, instance:com.qa.tests.LoginPageTest@36d585c]" started-at="2023-06-28T15:48:31 IST" name="objectCretion" finished-at="2023-06-28T15:48:31 IST" duration-ms="38" status="PASS">
          <reporter-output>
          </reporter-output>
        </test-method> <!-- objectCretion -->
        <test-method signature="validateTitle()[pri:1, instance:com.qa.tests.LoginPageTest@36d585c]" started-at="2023-06-28T15:48:31 IST" name="validateTitle" finished-at="2023-06-28T15:48:31 IST" duration-ms="18" status="PASS">
          <reporter-output>
          </reporter-output>
        </test-method> <!-- validateTitle -->
        <test-method signature="validateUsername()[pri:2, instance:com.qa.tests.LoginPageTest@36d585c]" started-at="2023-06-28T15:48:31 IST" name="validateUsername" finished-at="2023-06-28T15:48:31 IST" duration-ms="131" status="PASS">
          <reporter-output>
          </reporter-output>
        </test-method> <!-- validateUsername -->
        <test-method signature="validatePassword()[pri:3, instance:com.qa.tests.LoginPageTest@36d585c]" started-at="2023-06-28T15:48:31 IST" name="validatePassword" finished-at="2023-06-28T15:48:31 IST" duration-ms="82" status="PASS">
          <reporter-output>
          </reporter-output>
        </test-method> <!-- validatePassword -->
        <test-method signature="validateLoginButton()[pri:4, instance:com.qa.tests.LoginPageTest@36d585c]" started-at="2023-06-28T15:48:31 IST" name="validateLoginButton" finished-at="2023-06-28T15:48:32 IST" duration-ms="88" status="PASS">
          <reporter-output>
          </reporter-output>
        </test-method> <!-- validateLoginButton -->
        <test-method is-config="true" signature="teardown()[pri:0, instance:com.qa.tests.LoginPageTest@36d585c]" started-at="2023-06-28T15:48:32 IST" name="teardown" finished-at="2023-06-28T15:48:32 IST" duration-ms="1" status="PASS">
          <reporter-output>
          </reporter-output>
        </test-method> <!-- teardown -->
      </class> <!-- com.qa.tests.LoginPageTest -->
    </test> <!-- Test -->
  </suite> <!-- Suite -->
</testng-results>
